2022-08-23 08:51:19.374  INFO [READER,,] 150640 --- [main] c.c.c.ConfigServicePropertySourceLocator : Fetching config from server at : http://localhost:8888
2022-08-23 08:51:20.730  INFO [READER,,] 150640 --- [main] c.c.c.ConfigServicePropertySourceLocator : Connect Timeout Exception on Url - http://localhost:8888. Will be trying the next url if available
2022-08-23 08:51:20.731  WARN [READER,,] 150640 --- [main] c.c.c.ConfigServicePropertySourceLocator : Could not locate PropertySource: I/O error on GET request for "http://localhost:8888/READER/default": Connection refused: no further information; nested exception is java.net.ConnectException: Connection refused: no further information
2022-08-23 08:51:20.894  INFO [READER,,] 150640 --- [main] com.books.reader.ReaderApplicationTests  : The following 1 profile is active: "native"
2022-08-23 08:51:25.532  INFO [READER,,] 150640 --- [main] .s.d.r.c.RepositoryConfigurationDelegate : Bootstrapping Spring Data Reactive MongoDB repositories in DEFAULT mode.
2022-08-23 08:51:26.323  INFO [READER,,] 150640 --- [main] .s.d.r.c.RepositoryConfigurationDelegate : Finished Spring Data repository scanning in 730 ms. Found 0 Reactive MongoDB repository interfaces.
2022-08-23 08:51:26.335  INFO [READER,,] 150640 --- [main] .s.d.r.c.RepositoryConfigurationDelegate : Bootstrapping Spring Data MongoDB repositories in DEFAULT mode.
2022-08-23 08:51:26.469  INFO [READER,,] 150640 --- [main] .s.d.r.c.RepositoryConfigurationDelegate : Finished Spring Data repository scanning in 132 ms. Found 1 MongoDB repository interfaces.
2022-08-23 08:51:27.932  INFO [READER,,] 150640 --- [main] o.s.cloud.context.scope.GenericScope     : BeanFactory id=ebd2a40d-2d06-35f8-a15d-557292bafe71
2022-08-23 08:51:37.907  WARN [READER,,] 150640 --- [pool-3-thread-1] o.s.c.s.a.z.ZipkinAutoConfiguration      : Check result of the [RestTemplateSender{http://127.0.0.1:9411/api/v2/spans}] contains an error [CheckResult{ok=false, error=org.springframework.web.client.ResourceAccessException: I/O error on POST request for "http://127.0.0.1:9411/api/v2/spans": Connection refused: no further information; nested exception is java.net.ConnectException: Connection refused: no further information}]
2022-08-23 08:51:39.850  INFO [READER,,] 150640 --- [main] org.mongodb.driver.client                : MongoClient with metadata {"driver": {"name": "mongo-java-driver|sync|spring-boot", "version": "4.6.1"}, "os": {"type": "Windows", "name": "Windows 10", "architecture": "amd64", "version": "10.0"}, "platform": "Java/Oracle Corporation/17.0.4+11-LTS-179"} created with settings MongoClientSettings{readPreference=primary, writeConcern=WriteConcern{w=null, wTimeout=null ms, journal=null}, retryWrites=true, retryReads=true, readConcern=ReadConcern{level=null}, credential=null, streamFactoryFactory=null, commandListeners=[org.springframework.cloud.sleuth.instrument.mongodb.TraceMongoCommandListener@2d07aacc], codecRegistry=ProvidersCodecRegistry{codecProviders=[ValueCodecProvider{}, BsonValueCodecProvider{}, DBRefCodecProvider{}, DBObjectCodecProvider{}, DocumentCodecProvider{}, IterableCodecProvider{}, MapCodecProvider{}, GeoJsonCodecProvider{}, GridFSFileCodecProvider{}, Jsr310CodecProvider{}, JsonObjectCodecProvider{}, BsonCodecProvider{}, EnumCodecProvider{}, com.mongodb.Jep395RecordCodecProvider@ff5d4f1]}, clusterSettings={hosts=[localhost:27017], srvServiceName=mongodb, mode=SINGLE, requiredClusterType=UNKNOWN, requiredReplicaSetName='null', serverSelector='null', clusterListeners='[]', serverSelectionTimeout='30000 ms', localThreshold='30000 ms'}, socketSettings=SocketSettings{connectTimeoutMS=10000, readTimeoutMS=0, receiveBufferSize=0, sendBufferSize=0}, heartbeatSocketSettings=SocketSettings{connectTimeoutMS=10000, readTimeoutMS=10000, receiveBufferSize=0, sendBufferSize=0}, connectionPoolSettings=ConnectionPoolSettings{maxSize=100, minSize=0, maxWaitTimeMS=120000, maxConnectionLifeTimeMS=0, maxConnectionIdleTimeMS=0, maintenanceInitialDelayMS=0, maintenanceFrequencyMS=60000, connectionPoolListeners=[], maxConnecting=2}, serverSettings=ServerSettings{heartbeatFrequencyMS=10000, minHeartbeatFrequencyMS=500, serverListeners='[]', serverMonitorListeners='[]'}, sslSettings=SslSettings{enabled=false, invalidHostNameAllowed=false, context=null}, applicationName='null', compressorList=[], uuidRepresentation=JAVA_LEGACY, serverApi=null, autoEncryptionSettings=null, contextProvider=org.springframework.cloud.sleuth.instrument.mongodb.TraceAllTypesMongoClientSettingsBuilderCustomizer$AllTypesContextProvider@194224ca}
2022-08-23 08:51:40.063  INFO [READER,,] 150640 --- [cluster-rtt-ClusterId{value='630432ab06963560b14287bd', description='null'}-localhost:27017] org.mongodb.driver.connection            : Opened connection [connectionId{localValue:2, serverValue:42}] to localhost:27017
2022-08-23 08:51:40.080  INFO [READER,,] 150640 --- [cluster-ClusterId{value='630432ab06963560b14287bd', description='null'}-localhost:27017] org.mongodb.driver.connection            : Opened connection [connectionId{localValue:1, serverValue:41}] to localhost:27017
2022-08-23 08:51:40.080  INFO [READER,,] 150640 --- [cluster-ClusterId{value='630432ab06963560b14287bd', description='null'}-localhost:27017] org.mongodb.driver.cluster               : Monitor thread successfully connected to server with description ServerDescription{address=localhost:27017, type=STANDALONE, state=CONNECTED, ok=true, minWireVersion=0, maxWireVersion=17, maxDocumentSize=16777216, logicalSessionTimeoutMinutes=30, roundTripTimeNanos=185169600}
2022-08-23 08:51:41.041  WARN [READER,,] 150640 --- [main] o.s.data.convert.CustomConversions       : Registering converter from class java.time.LocalDateTime to class org.joda.time.LocalDateTime as reading converter although it doesn't convert from a store-supported type; You might want to check your annotation setup at the converter implementation
2022-08-23 08:51:43.119  WARN [READER,,] 150640 --- [main] o.s.data.convert.CustomConversions       : Registering converter from class java.time.LocalDateTime to class org.joda.time.LocalDateTime as reading converter although it doesn't convert from a store-supported type; You might want to check your annotation setup at the converter implementation
2022-08-23 08:51:55.312  INFO [READER,,] 150640 --- [main] org.mongodb.driver.client                : MongoClient with metadata {"driver": {"name": "mongo-java-driver|reactive-streams|spring-boot", "version": "4.6.1"}, "os": {"type": "Windows", "name": "Windows 10", "architecture": "amd64", "version": "10.0"}, "platform": "Java/Oracle Corporation/17.0.4+11-LTS-179"} created with settings MongoClientSettings{readPreference=primary, writeConcern=WriteConcern{w=null, wTimeout=null ms, journal=null}, retryWrites=true, retryReads=true, readConcern=ReadConcern{level=null}, credential=null, streamFactoryFactory=null, commandListeners=[org.springframework.cloud.sleuth.instrument.mongodb.TraceMongoCommandListener@50a1af86], codecRegistry=ProvidersCodecRegistry{codecProviders=[ValueCodecProvider{}, BsonValueCodecProvider{}, DBRefCodecProvider{}, DBObjectCodecProvider{}, DocumentCodecProvider{}, IterableCodecProvider{}, MapCodecProvider{}, GeoJsonCodecProvider{}, GridFSFileCodecProvider{}, Jsr310CodecProvider{}, JsonObjectCodecProvider{}, BsonCodecProvider{}, EnumCodecProvider{}, com.mongodb.Jep395RecordCodecProvider@ff5d4f1]}, clusterSettings={hosts=[localhost:27017], srvServiceName=mongodb, mode=SINGLE, requiredClusterType=UNKNOWN, requiredReplicaSetName='null', serverSelector='null', clusterListeners='[]', serverSelectionTimeout='30000 ms', localThreshold='30000 ms'}, socketSettings=SocketSettings{connectTimeoutMS=10000, readTimeoutMS=0, receiveBufferSize=0, sendBufferSize=0}, heartbeatSocketSettings=SocketSettings{connectTimeoutMS=10000, readTimeoutMS=10000, receiveBufferSize=0, sendBufferSize=0}, connectionPoolSettings=ConnectionPoolSettings{maxSize=100, minSize=0, maxWaitTimeMS=120000, maxConnectionLifeTimeMS=0, maxConnectionIdleTimeMS=0, maintenanceInitialDelayMS=0, maintenanceFrequencyMS=60000, connectionPoolListeners=[], maxConnecting=2}, serverSettings=ServerSettings{heartbeatFrequencyMS=10000, minHeartbeatFrequencyMS=500, serverListeners='[]', serverMonitorListeners='[]'}, sslSettings=SslSettings{enabled=false, invalidHostNameAllowed=false, context=null}, applicationName='null', compressorList=[], uuidRepresentation=JAVA_LEGACY, serverApi=null, autoEncryptionSettings=null, contextProvider=org.springframework.cloud.sleuth.instrument.mongodb.TraceAllTypesMongoClientSettingsBuilderCustomizer$AllTypesContextProvider@3e0327dd}
2022-08-23 08:51:56.186  INFO [READER,,] 150640 --- [cluster-rtt-ClusterId{value='630432bb06963560b14287be', description='null'}-localhost:27017] org.mongodb.driver.connection            : Opened connection [connectionId{localValue:4, serverValue:44}] to localhost:27017
2022-08-23 08:51:56.265  INFO [READER,,] 150640 --- [cluster-ClusterId{value='630432bb06963560b14287be', description='null'}-localhost:27017] org.mongodb.driver.connection            : Opened connection [connectionId{localValue:3, serverValue:43}] to localhost:27017
2022-08-23 08:51:56.265  INFO [READER,,] 150640 --- [cluster-ClusterId{value='630432bb06963560b14287be', description='null'}-localhost:27017] org.mongodb.driver.cluster               : Monitor thread successfully connected to server with description ServerDescription{address=localhost:27017, type=STANDALONE, state=CONNECTED, ok=true, minWireVersion=0, maxWireVersion=17, maxDocumentSize=16777216, logicalSessionTimeoutMinutes=30, roundTripTimeNanos=354221000}
2022-08-23 08:51:58.860  INFO [READER,,] 150640 --- [main] DiscoveryClientOptionalArgsConfiguration : Eureka HTTP Client uses RestTemplate.
2022-08-23 08:52:01.824  WARN [READER,,] 150640 --- [main] iguration$LoadBalancerCaffeineWarnLogger : Spring Cloud LoadBalancer is currently working with the default cache. While this cache implementation is useful for development and tests, it's recommended to use Caffeine cache in production.You can switch to using Caffeine cache, by adding it and org.springframework.cache.caffeine.CaffeineCacheManager to the classpath.
2022-08-23 08:52:03.068  INFO [READER,,] 150640 --- [main] o.s.c.n.eureka.InstanceInfoFactory       : Setting initial instance status as: STARTING
2022-08-23 08:52:04.903  INFO [READER,,] 150640 --- [main] com.netflix.discovery.DiscoveryClient    : Initializing Eureka in region us-east-1
2022-08-23 08:52:04.930  INFO [READER,,] 150640 --- [main] c.n.d.s.r.aws.ConfigClusterResolver      : Resolving eureka endpoints via configuration
2022-08-23 08:52:05.164  INFO [READER,,] 150640 --- [main] com.netflix.discovery.DiscoveryClient    : Disable delta property : false
2022-08-23 08:52:05.165  INFO [READER,,] 150640 --- [main] com.netflix.discovery.DiscoveryClient    : Single vip registry refresh property : null
2022-08-23 08:52:05.165  INFO [READER,,] 150640 --- [main] com.netflix.discovery.DiscoveryClient    : Force full registry fetch : false
2022-08-23 08:52:05.165  INFO [READER,,] 150640 --- [main] com.netflix.discovery.DiscoveryClient    : Application is null : false
2022-08-23 08:52:05.165  INFO [READER,,] 150640 --- [main] com.netflix.discovery.DiscoveryClient    : Registered Applications size is zero : true
2022-08-23 08:52:05.165  INFO [READER,,] 150640 --- [main] com.netflix.discovery.DiscoveryClient    : Application version is -1: true
2022-08-23 08:52:05.166  INFO [READER,,] 150640 --- [main] com.netflix.discovery.DiscoveryClient    : Getting all instance registry info from the eureka server
2022-08-23 08:52:07.335  INFO [READER,,] 150640 --- [main] com.netflix.discovery.DiscoveryClient    : The response status is 200
2022-08-23 08:52:07.360  INFO [READER,,] 150640 --- [main] com.netflix.discovery.DiscoveryClient    : Starting heartbeat executor: renew interval is: 30
2022-08-23 08:52:07.373  INFO [READER,,] 150640 --- [main] c.n.discovery.InstanceInfoReplicator     : InstanceInfoReplicator onDemand update allowed rate per min is 4
2022-08-23 08:52:07.392  INFO [READER,,] 150640 --- [main] com.netflix.discovery.DiscoveryClient    : Discovery Client initialized at timestamp 1661219527387 with initial instances count: 2
2022-08-23 08:52:07.484  INFO [READER,,] 150640 --- [main] o.s.c.n.e.s.EurekaServiceRegistry        : Registering application READER with eureka with status UP
2022-08-23 08:52:07.489  INFO [READER,,] 150640 --- [main] com.netflix.discovery.DiscoveryClient    : Saw local status change event StatusChangeEvent [timestamp=1661219527489, current=UP, previous=STARTING]
2022-08-23 08:52:07.662  INFO [READER,,] 150640 --- [main] com.books.reader.ReaderApplicationTests  : Started ReaderApplicationTests in 54.339 seconds (JVM running for 61.838)
2022-08-23 08:52:07.757  INFO [READER,,] 150640 --- [DiscoveryClient-InstanceInfoReplicator-0] com.netflix.discovery.DiscoveryClient    : DiscoveryClient_READER/host.docker.internal:READER:8099: registering service...
2022-08-23 08:52:07.989  INFO [READER,,] 150640 --- [DiscoveryClient-InstanceInfoReplicator-0] com.netflix.discovery.DiscoveryClient    : DiscoveryClient_READER/host.docker.internal:READER:8099 - registration status: 204
2022-08-23 08:52:12.132  INFO [READER,,] 150640 --- [SpringApplicationShutdownHook] o.s.c.n.e.s.EurekaServiceRegistry        : Unregistering application READER with eureka with status DOWN
2022-08-23 08:52:12.132  INFO [READER,,] 150640 --- [SpringApplicationShutdownHook] com.netflix.discovery.DiscoveryClient    : Saw local status change event StatusChangeEvent [timestamp=1661219532132, current=DOWN, previous=UP]
2022-08-23 08:52:12.132  INFO [READER,,] 150640 --- [DiscoveryClient-InstanceInfoReplicator-0] com.netflix.discovery.DiscoveryClient    : DiscoveryClient_READER/host.docker.internal:READER:8099: registering service...
2022-08-23 08:52:12.155  INFO [READER,,] 150640 --- [DiscoveryClient-InstanceInfoReplicator-0] com.netflix.discovery.DiscoveryClient    : DiscoveryClient_READER/host.docker.internal:READER:8099 - registration status: 204
2022-08-23 08:52:12.336  INFO [READER,,] 150640 --- [Thread-5] o.s.c.s.a.z.ZipkinAutoConfiguration      : Flushing remaining spans on shutdown
2022-08-23 08:52:13.230  INFO [READER,,] 150640 --- [SpringApplicationShutdownHook] com.netflix.discovery.DiscoveryClient    : Shutting down DiscoveryClient ...
2022-08-23 08:52:16.318  INFO [READER,,] 150640 --- [SpringApplicationShutdownHook] com.netflix.discovery.DiscoveryClient    : Unregistering ...
2022-08-23 08:52:16.337  INFO [READER,,] 150640 --- [SpringApplicationShutdownHook] com.netflix.discovery.DiscoveryClient    : DiscoveryClient_READER/host.docker.internal:READER:8099 - deregister  status: 200
2022-08-23 08:52:16.354  INFO [READER,,] 150640 --- [SpringApplicationShutdownHook] com.netflix.discovery.DiscoveryClient    : Completed shut down of DiscoveryClient
2022-08-23 08:54:21.013  INFO [READER,,] 173308 --- [main] c.c.c.ConfigServicePropertySourceLocator : Fetching config from server at : http://localhost:8888
2022-08-23 08:54:21.345  INFO [READER,,] 173308 --- [main] c.c.c.ConfigServicePropertySourceLocator : Connect Timeout Exception on Url - http://localhost:8888. Will be trying the next url if available
2022-08-23 08:54:21.347  WARN [READER,,] 173308 --- [main] c.c.c.ConfigServicePropertySourceLocator : Could not locate PropertySource: I/O error on GET request for "http://localhost:8888/READER/default": Connection refused: no further information; nested exception is java.net.ConnectException: Connection refused: no further information
2022-08-23 08:54:21.360  INFO [READER,,] 173308 --- [main] com.books.reader.ReaderApplication       : The following 1 profile is active: "native"
2022-08-23 08:54:24.146  INFO [READER,,] 173308 --- [main] .s.d.r.c.RepositoryConfigurationDelegate : Bootstrapping Spring Data Reactive MongoDB repositories in DEFAULT mode.
2022-08-23 08:54:24.569  INFO [READER,,] 173308 --- [main] .s.d.r.c.RepositoryConfigurationDelegate : Finished Spring Data repository scanning in 365 ms. Found 0 Reactive MongoDB repository interfaces.
2022-08-23 08:54:24.585  INFO [READER,,] 173308 --- [main] .s.d.r.c.RepositoryConfigurationDelegate : Bootstrapping Spring Data MongoDB repositories in DEFAULT mode.
2022-08-23 08:54:24.635  INFO [READER,,] 173308 --- [main] .s.d.r.c.RepositoryConfigurationDelegate : Finished Spring Data repository scanning in 49 ms. Found 1 MongoDB repository interfaces.
2022-08-23 08:54:26.429  INFO [READER,,] 173308 --- [main] o.s.cloud.context.scope.GenericScope     : BeanFactory id=bab1d789-53f1-3ce0-a84e-93f85df54847
2022-08-23 08:54:29.902  INFO [READER,,] 173308 --- [main] o.s.b.w.embedded.tomcat.TomcatWebServer  : Tomcat initialized with port(s): 8099 (http)
2022-08-23 08:54:29.955  INFO [READER,,] 173308 --- [main] o.apache.catalina.core.StandardService   : Starting service [Tomcat]
2022-08-23 08:54:29.960  INFO [READER,,] 173308 --- [main] org.apache.catalina.core.StandardEngine  : Starting Servlet engine: [Apache Tomcat/9.0.65]
2022-08-23 08:54:30.201  INFO [READER,,] 173308 --- [main] o.a.c.c.C.[Tomcat].[localhost].[/]       : Initializing Spring embedded WebApplicationContext
2022-08-23 08:54:30.203  INFO [READER,,] 173308 --- [main] w.s.c.ServletWebServerApplicationContext : Root WebApplicationContext: initialization completed in 8771 ms
2022-08-23 08:54:31.842  WARN [READER,,] 173308 --- [pool-1-thread-1] o.s.c.s.a.z.ZipkinAutoConfiguration      : Check result of the [RestTemplateSender{http://127.0.0.1:9411/api/v2/spans}] contains an error [CheckResult{ok=false, error=org.springframework.web.client.ResourceAccessException: I/O error on POST request for "http://127.0.0.1:9411/api/v2/spans": Connection refused: no further information; nested exception is java.net.ConnectException: Connection refused: no further information}]
2022-08-23 08:54:37.288  INFO [READER,,] 173308 --- [main] org.mongodb.driver.client                : MongoClient with metadata {"driver": {"name": "mongo-java-driver|sync|spring-boot", "version": "4.6.1"}, "os": {"type": "Windows", "name": "Windows 10", "architecture": "amd64", "version": "10.0"}, "platform": "Java/Oracle Corporation/17.0.4+11-LTS-179"} created with settings MongoClientSettings{readPreference=primary, writeConcern=WriteConcern{w=null, wTimeout=null ms, journal=null}, retryWrites=true, retryReads=true, readConcern=ReadConcern{level=null}, credential=null, streamFactoryFactory=null, commandListeners=[org.springframework.cloud.sleuth.instrument.mongodb.TraceMongoCommandListener@73d69c0f], codecRegistry=ProvidersCodecRegistry{codecProviders=[ValueCodecProvider{}, BsonValueCodecProvider{}, DBRefCodecProvider{}, DBObjectCodecProvider{}, DocumentCodecProvider{}, IterableCodecProvider{}, MapCodecProvider{}, GeoJsonCodecProvider{}, GridFSFileCodecProvider{}, Jsr310CodecProvider{}, JsonObjectCodecProvider{}, BsonCodecProvider{}, EnumCodecProvider{}, com.mongodb.Jep395RecordCodecProvider@34237b90]}, clusterSettings={hosts=[localhost:27017], srvServiceName=mongodb, mode=SINGLE, requiredClusterType=UNKNOWN, requiredReplicaSetName='null', serverSelector='null', clusterListeners='[]', serverSelectionTimeout='30000 ms', localThreshold='30000 ms'}, socketSettings=SocketSettings{connectTimeoutMS=10000, readTimeoutMS=0, receiveBufferSize=0, sendBufferSize=0}, heartbeatSocketSettings=SocketSettings{connectTimeoutMS=10000, readTimeoutMS=10000, receiveBufferSize=0, sendBufferSize=0}, connectionPoolSettings=ConnectionPoolSettings{maxSize=100, minSize=0, maxWaitTimeMS=120000, maxConnectionLifeTimeMS=0, maxConnectionIdleTimeMS=0, maintenanceInitialDelayMS=0, maintenanceFrequencyMS=60000, connectionPoolListeners=[], maxConnecting=2}, serverSettings=ServerSettings{heartbeatFrequencyMS=10000, minHeartbeatFrequencyMS=500, serverListeners='[]', serverMonitorListeners='[]'}, sslSettings=SslSettings{enabled=false, invalidHostNameAllowed=false, context=null}, applicationName='null', compressorList=[], uuidRepresentation=JAVA_LEGACY, serverApi=null, autoEncryptionSettings=null, contextProvider=org.springframework.cloud.sleuth.instrument.mongodb.TraceAllTypesMongoClientSettingsBuilderCustomizer$AllTypesContextProvider@1d01dfa5}
2022-08-23 08:54:37.397  INFO [READER,,] 173308 --- [cluster-ClusterId{value='6304335cf104b36b77f0b78e', description='null'}-localhost:27017] org.mongodb.driver.connection            : Opened connection [connectionId{localValue:1, serverValue:49}] to localhost:27017
2022-08-23 08:54:37.402  INFO [READER,,] 173308 --- [cluster-ClusterId{value='6304335cf104b36b77f0b78e', description='null'}-localhost:27017] org.mongodb.driver.cluster               : Monitor thread successfully connected to server with description ServerDescription{address=localhost:27017, type=STANDALONE, state=CONNECTED, ok=true, minWireVersion=0, maxWireVersion=17, maxDocumentSize=16777216, logicalSessionTimeoutMinutes=30, roundTripTimeNanos=122263000}
2022-08-23 08:54:37.399  INFO [READER,,] 173308 --- [cluster-rtt-ClusterId{value='6304335cf104b36b77f0b78e', description='null'}-localhost:27017] org.mongodb.driver.connection            : Opened connection [connectionId{localValue:2, serverValue:50}] to localhost:27017
2022-08-23 08:54:37.833  WARN [READER,,] 173308 --- [main] o.s.data.convert.CustomConversions       : Registering converter from class java.time.LocalDateTime to class org.joda.time.LocalDateTime as reading converter although it doesn't convert from a store-supported type; You might want to check your annotation setup at the converter implementation
2022-08-23 08:54:38.769  WARN [READER,,] 173308 --- [main] o.s.data.convert.CustomConversions       : Registering converter from class java.time.LocalDateTime to class org.joda.time.LocalDateTime as reading converter although it doesn't convert from a store-supported type; You might want to check your annotation setup at the converter implementation
2022-08-23 08:54:43.565  INFO [READER,,] 173308 --- [main] org.mongodb.driver.client                : MongoClient with metadata {"driver": {"name": "mongo-java-driver|reactive-streams|spring-boot", "version": "4.6.1"}, "os": {"type": "Windows", "name": "Windows 10", "architecture": "amd64", "version": "10.0"}, "platform": "Java/Oracle Corporation/17.0.4+11-LTS-179"} created with settings MongoClientSettings{readPreference=primary, writeConcern=WriteConcern{w=null, wTimeout=null ms, journal=null}, retryWrites=true, retryReads=true, readConcern=ReadConcern{level=null}, credential=null, streamFactoryFactory=null, commandListeners=[org.springframework.cloud.sleuth.instrument.mongodb.TraceMongoCommandListener@5f9b6ae7], codecRegistry=ProvidersCodecRegistry{codecProviders=[ValueCodecProvider{}, BsonValueCodecProvider{}, DBRefCodecProvider{}, DBObjectCodecProvider{}, DocumentCodecProvider{}, IterableCodecProvider{}, MapCodecProvider{}, GeoJsonCodecProvider{}, GridFSFileCodecProvider{}, Jsr310CodecProvider{}, JsonObjectCodecProvider{}, BsonCodecProvider{}, EnumCodecProvider{}, com.mongodb.Jep395RecordCodecProvider@34237b90]}, clusterSettings={hosts=[localhost:27017], srvServiceName=mongodb, mode=SINGLE, requiredClusterType=UNKNOWN, requiredReplicaSetName='null', serverSelector='null', clusterListeners='[]', serverSelectionTimeout='30000 ms', localThreshold='30000 ms'}, socketSettings=SocketSettings{connectTimeoutMS=10000, readTimeoutMS=0, receiveBufferSize=0, sendBufferSize=0}, heartbeatSocketSettings=SocketSettings{connectTimeoutMS=10000, readTimeoutMS=10000, receiveBufferSize=0, sendBufferSize=0}, connectionPoolSettings=ConnectionPoolSettings{maxSize=100, minSize=0, maxWaitTimeMS=120000, maxConnectionLifeTimeMS=0, maxConnectionIdleTimeMS=0, maintenanceInitialDelayMS=0, maintenanceFrequencyMS=60000, connectionPoolListeners=[], maxConnecting=2}, serverSettings=ServerSettings{heartbeatFrequencyMS=10000, minHeartbeatFrequencyMS=500, serverListeners='[]', serverMonitorListeners='[]'}, sslSettings=SslSettings{enabled=false, invalidHostNameAllowed=false, context=null}, applicationName='null', compressorList=[], uuidRepresentation=JAVA_LEGACY, serverApi=null, autoEncryptionSettings=null, contextProvider=org.springframework.cloud.sleuth.instrument.mongodb.TraceAllTypesMongoClientSettingsBuilderCustomizer$AllTypesContextProvider@108d55c4}
2022-08-23 08:54:44.244  INFO [READER,,] 173308 --- [cluster-ClusterId{value='63043363f104b36b77f0b78f', description='null'}-localhost:27017] org.mongodb.driver.connection            : Opened connection [connectionId{localValue:4, serverValue:51}] to localhost:27017
2022-08-23 08:54:44.203  INFO [READER,,] 173308 --- [cluster-rtt-ClusterId{value='63043363f104b36b77f0b78f', description='null'}-localhost:27017] org.mongodb.driver.connection            : Opened connection [connectionId{localValue:3, serverValue:52}] to localhost:27017
2022-08-23 08:54:44.320  INFO [READER,,] 173308 --- [cluster-ClusterId{value='63043363f104b36b77f0b78f', description='null'}-localhost:27017] org.mongodb.driver.cluster               : Monitor thread successfully connected to server with description ServerDescription{address=localhost:27017, type=STANDALONE, state=CONNECTED, ok=true, minWireVersion=0, maxWireVersion=17, maxDocumentSize=16777216, logicalSessionTimeoutMinutes=30, roundTripTimeNanos=170295000}
2022-08-23 08:54:45.192  INFO [READER,,] 173308 --- [main] DiscoveryClientOptionalArgsConfiguration : Eureka HTTP Client uses RestTemplate.
2022-08-23 08:54:46.356  WARN [READER,,] 173308 --- [main] iguration$LoadBalancerCaffeineWarnLogger : Spring Cloud LoadBalancer is currently working with the default cache. While this cache implementation is useful for development and tests, it's recommended to use Caffeine cache in production.You can switch to using Caffeine cache, by adding it and org.springframework.cache.caffeine.CaffeineCacheManager to the classpath.
2022-08-23 08:54:46.798  INFO [READER,,] 173308 --- [main] o.s.c.n.eureka.InstanceInfoFactory       : Setting initial instance status as: STARTING
2022-08-23 08:54:47.089  INFO [READER,,] 173308 --- [main] com.netflix.discovery.DiscoveryClient    : Initializing Eureka in region us-east-1
2022-08-23 08:54:47.112  INFO [READER,,] 173308 --- [main] c.n.d.s.r.aws.ConfigClusterResolver      : Resolving eureka endpoints via configuration
2022-08-23 08:54:47.199  INFO [READER,,] 173308 --- [main] com.netflix.discovery.DiscoveryClient    : Disable delta property : false
2022-08-23 08:54:47.200  INFO [READER,,] 173308 --- [main] com.netflix.discovery.DiscoveryClient    : Single vip registry refresh property : null
2022-08-23 08:54:47.205  INFO [READER,,] 173308 --- [main] com.netflix.discovery.DiscoveryClient    : Force full registry fetch : false
2022-08-23 08:54:47.206  INFO [READER,,] 173308 --- [main] com.netflix.discovery.DiscoveryClient    : Application is null : false
2022-08-23 08:54:47.210  INFO [READER,,] 173308 --- [main] com.netflix.discovery.DiscoveryClient    : Registered Applications size is zero : true
2022-08-23 08:54:47.214  INFO [READER,,] 173308 --- [main] com.netflix.discovery.DiscoveryClient    : Application version is -1: true
2022-08-23 08:54:47.215  INFO [READER,,] 173308 --- [main] com.netflix.discovery.DiscoveryClient    : Getting all instance registry info from the eureka server
2022-08-23 08:54:48.443  INFO [READER,,] 173308 --- [main] com.netflix.discovery.DiscoveryClient    : The response status is 200
2022-08-23 08:54:48.455  INFO [READER,,] 173308 --- [main] com.netflix.discovery.DiscoveryClient    : Starting heartbeat executor: renew interval is: 30
2022-08-23 08:54:48.463  INFO [READER,,] 173308 --- [main] c.n.discovery.InstanceInfoReplicator     : InstanceInfoReplicator onDemand update allowed rate per min is 4
2022-08-23 08:54:48.475  INFO [READER,,] 173308 --- [main] com.netflix.discovery.DiscoveryClient    : Discovery Client initialized at timestamp 1661219688473 with initial instances count: 2
2022-08-23 08:54:48.557  INFO [READER,,] 173308 --- [main] o.s.c.n.e.s.EurekaServiceRegistry        : Registering application READER with eureka with status UP
2022-08-23 08:54:48.592  INFO [READER,,] 173308 --- [main] com.netflix.discovery.DiscoveryClient    : Saw local status change event StatusChangeEvent [timestamp=1661219688592, current=UP, previous=STARTING]
2022-08-23 08:54:48.615  INFO [READER,,] 173308 --- [DiscoveryClient-InstanceInfoReplicator-0] com.netflix.discovery.DiscoveryClient    : DiscoveryClient_READER/host.docker.internal:READER:8099: registering service...
2022-08-23 08:54:48.744  INFO [READER,,] 173308 --- [main] o.s.b.w.embedded.tomcat.TomcatWebServer  : Tomcat started on port(s): 8099 (http) with context path ''
2022-08-23 08:54:48.773  INFO [READER,,] 173308 --- [main] .s.c.n.e.s.EurekaAutoServiceRegistration : Updating port to 8099
2022-08-23 08:54:48.865  INFO [READER,,] 173308 --- [DiscoveryClient-InstanceInfoReplicator-0] com.netflix.discovery.DiscoveryClient    : DiscoveryClient_READER/host.docker.internal:READER:8099 - registration status: 204
2022-08-23 08:54:49.390  INFO [READER,,] 173308 --- [main] com.books.reader.ReaderApplication       : Started ReaderApplication in 32.842 seconds (JVM running for 34.803)
2022-08-23 08:59:47.227  INFO [READER,,] 173308 --- [AsyncResolver-bootstrap-executor-0] c.n.d.s.r.aws.ConfigClusterResolver      : Resolving eureka endpoints via configuration
2022-08-23 09:04:47.239  INFO [READER,,] 173308 --- [AsyncResolver-bootstrap-executor-0] c.n.d.s.r.aws.ConfigClusterResolver      : Resolving eureka endpoints via configuration
2022-08-23 09:09:47.251  INFO [READER,,] 173308 --- [AsyncResolver-bootstrap-executor-0] c.n.d.s.r.aws.ConfigClusterResolver      : Resolving eureka endpoints via configuration
2022-08-23 09:14:47.259  INFO [READER,,] 173308 --- [AsyncResolver-bootstrap-executor-0] c.n.d.s.r.aws.ConfigClusterResolver      : Resolving eureka endpoints via configuration
2022-08-23 09:19:47.267  INFO [READER,,] 173308 --- [AsyncResolver-bootstrap-executor-0] c.n.d.s.r.aws.ConfigClusterResolver      : Resolving eureka endpoints via configuration
2022-08-23 09:24:47.286  INFO [READER,,] 173308 --- [AsyncResolver-bootstrap-executor-0] c.n.d.s.r.aws.ConfigClusterResolver      : Resolving eureka endpoints via configuration
2022-08-23 09:29:47.294  INFO [READER,,] 173308 --- [AsyncResolver-bootstrap-executor-0] c.n.d.s.r.aws.ConfigClusterResolver      : Resolving eureka endpoints via configuration
2022-08-23 09:34:47.301  INFO [READER,,] 173308 --- [AsyncResolver-bootstrap-executor-0] c.n.d.s.r.aws.ConfigClusterResolver      : Resolving eureka endpoints via configuration
2022-08-23 09:39:47.311  INFO [READER,,] 173308 --- [AsyncResolver-bootstrap-executor-0] c.n.d.s.r.aws.ConfigClusterResolver      : Resolving eureka endpoints via configuration
2022-08-23 09:44:47.315  INFO [READER,,] 173308 --- [AsyncResolver-bootstrap-executor-0] c.n.d.s.r.aws.ConfigClusterResolver      : Resolving eureka endpoints via configuration
2022-08-23 09:49:47.326  INFO [READER,,] 173308 --- [AsyncResolver-bootstrap-executor-0] c.n.d.s.r.aws.ConfigClusterResolver      : Resolving eureka endpoints via configuration
2022-08-23 09:54:47.330  INFO [READER,,] 173308 --- [AsyncResolver-bootstrap-executor-0] c.n.d.s.r.aws.ConfigClusterResolver      : Resolving eureka endpoints via configuration
2022-08-23 09:59:47.341  INFO [READER,,] 173308 --- [AsyncResolver-bootstrap-executor-0] c.n.d.s.r.aws.ConfigClusterResolver      : Resolving eureka endpoints via configuration
2022-08-23 10:04:47.359  INFO [READER,,] 173308 --- [AsyncResolver-bootstrap-executor-0] c.n.d.s.r.aws.ConfigClusterResolver      : Resolving eureka endpoints via configuration
2022-08-23 10:09:47.371  INFO [READER,,] 173308 --- [AsyncResolver-bootstrap-executor-0] c.n.d.s.r.aws.ConfigClusterResolver      : Resolving eureka endpoints via configuration
2022-08-23 10:14:47.376  INFO [READER,,] 173308 --- [AsyncResolver-bootstrap-executor-0] c.n.d.s.r.aws.ConfigClusterResolver      : Resolving eureka endpoints via configuration
2022-08-23 10:19:47.383  INFO [READER,,] 173308 --- [AsyncResolver-bootstrap-executor-0] c.n.d.s.r.aws.ConfigClusterResolver      : Resolving eureka endpoints via configuration
2022-08-23 10:24:47.388  INFO [READER,,] 173308 --- [AsyncResolver-bootstrap-executor-0] c.n.d.s.r.aws.ConfigClusterResolver      : Resolving eureka endpoints via configuration
2022-08-23 10:29:47.405  INFO [READER,,] 173308 --- [AsyncResolver-bootstrap-executor-0] c.n.d.s.r.aws.ConfigClusterResolver      : Resolving eureka endpoints via configuration
2022-08-23 10:34:47.415  INFO [READER,,] 173308 --- [AsyncResolver-bootstrap-executor-0] c.n.d.s.r.aws.ConfigClusterResolver      : Resolving eureka endpoints via configuration
2022-08-23 10:39:47.420  INFO [READER,,] 173308 --- [AsyncResolver-bootstrap-executor-0] c.n.d.s.r.aws.ConfigClusterResolver      : Resolving eureka endpoints via configuration
2022-08-23 10:44:47.426  INFO [READER,,] 173308 --- [AsyncResolver-bootstrap-executor-0] c.n.d.s.r.aws.ConfigClusterResolver      : Resolving eureka endpoints via configuration
2022-08-23 10:49:47.439  INFO [READER,,] 173308 --- [AsyncResolver-bootstrap-executor-0] c.n.d.s.r.aws.ConfigClusterResolver      : Resolving eureka endpoints via configuration
2022-08-23 10:54:47.441  INFO [READER,,] 173308 --- [AsyncResolver-bootstrap-executor-0] c.n.d.s.r.aws.ConfigClusterResolver      : Resolving eureka endpoints via configuration
2022-08-23 10:59:47.448  INFO [READER,,] 173308 --- [AsyncResolver-bootstrap-executor-0] c.n.d.s.r.aws.ConfigClusterResolver      : Resolving eureka endpoints via configuration
2022-08-23 11:04:47.453  INFO [READER,,] 173308 --- [AsyncResolver-bootstrap-executor-0] c.n.d.s.r.aws.ConfigClusterResolver      : Resolving eureka endpoints via configuration
2022-08-23 11:09:47.466  INFO [READER,,] 173308 --- [AsyncResolver-bootstrap-executor-0] c.n.d.s.r.aws.ConfigClusterResolver      : Resolving eureka endpoints via configuration
2022-08-23 11:14:47.475  INFO [READER,,] 173308 --- [AsyncResolver-bootstrap-executor-0] c.n.d.s.r.aws.ConfigClusterResolver      : Resolving eureka endpoints via configuration
2022-08-23 11:19:47.487  INFO [READER,,] 173308 --- [AsyncResolver-bootstrap-executor-0] c.n.d.s.r.aws.ConfigClusterResolver      : Resolving eureka endpoints via configuration
2022-08-23 11:24:47.503  INFO [READER,,] 173308 --- [AsyncResolver-bootstrap-executor-0] c.n.d.s.r.aws.ConfigClusterResolver      : Resolving eureka endpoints via configuration
2022-08-23 11:29:47.516  INFO [READER,,] 173308 --- [AsyncResolver-bootstrap-executor-0] c.n.d.s.r.aws.ConfigClusterResolver      : Resolving eureka endpoints via configuration
2022-08-23 11:34:47.523  INFO [READER,,] 173308 --- [AsyncResolver-bootstrap-executor-0] c.n.d.s.r.aws.ConfigClusterResolver      : Resolving eureka endpoints via configuration
2022-08-23 11:34:51.026  INFO [READER,6dd32956fd66bcb1,6dd32956fd66bcb1] 173308 --- [http-nio-8099-exec-1] o.a.c.c.C.[Tomcat].[localhost].[/]       : Initializing Spring DispatcherServlet 'dispatcherServlet'
2022-08-23 11:34:51.028  INFO [READER,6dd32956fd66bcb1,6dd32956fd66bcb1] 173308 --- [http-nio-8099-exec-1] o.s.web.servlet.DispatcherServlet        : Initializing Servlet 'dispatcherServlet'
2022-08-23 11:34:51.052  INFO [READER,6dd32956fd66bcb1,6dd32956fd66bcb1] 173308 --- [http-nio-8099-exec-1] o.s.web.servlet.DispatcherServlet        : Completed initialization in 23 ms
2022-08-23 11:34:53.088  WARN [READER,,] 173308 --- [AsyncReporter{RestTemplateSender{http://127.0.0.1:9411/api/v2/spans}}] z.r.AsyncReporter$BoundedAsyncReporter   : Spans were dropped due to exceptions. All subsequent errors will be logged at FINE level.
2022-08-23 11:34:53.176  WARN [READER,,] 173308 --- [AsyncReporter{RestTemplateSender{http://127.0.0.1:9411/api/v2/spans}}] z.r.AsyncReporter$BoundedAsyncReporter   : Dropped 1 spans due to ResourceAccessException(I/O error on POST request for "http://127.0.0.1:9411/api/v2/spans": Connection refused: no further information; nested exception is java.net.ConnectException: Connection refused: no further information)

org.springframework.web.client.ResourceAccessException: I/O error on POST request for "http://127.0.0.1:9411/api/v2/spans": Connection refused: no further information; nested exception is java.net.ConnectException: Connection refused: no further information
	at org.springframework.web.client.RestTemplate.doExecute(RestTemplate.java:785) ~[spring-web-5.3.22.jar!/:5.3.22]
	at org.springframework.cloud.sleuth.zipkin2.ZipkinRestTemplateWrapper.doExecute(ZipkinRestTemplateWrapper.java:67) ~[spring-cloud-sleuth-zipkin-3.1.3.jar!/:3.1.3]
	at org.springframework.web.client.RestTemplate.exchange(RestTemplate.java:660) ~[spring-web-5.3.22.jar!/:5.3.22]
	at org.springframework.cloud.sleuth.zipkin2.RestTemplateSender.post(RestTemplateSender.java:51) ~[spring-cloud-sleuth-zipkin-3.1.3.jar!/:3.1.3]
	at org.springframework.cloud.sleuth.zipkin2.RestTemplateSender.lambda$new$0(RestTemplateSender.java:44) ~[spring-cloud-sleuth-zipkin-3.1.3.jar!/:3.1.3]
	at org.springframework.cloud.sleuth.zipkin2.HttpSender.post(HttpSender.java:137) ~[spring-cloud-sleuth-zipkin-3.1.3.jar!/:3.1.3]
	at org.springframework.cloud.sleuth.zipkin2.HttpSender$HttpPostCall.doExecute(HttpSender.java:150) ~[spring-cloud-sleuth-zipkin-3.1.3.jar!/:3.1.3]
	at org.springframework.cloud.sleuth.zipkin2.HttpSender$HttpPostCall.doExecute(HttpSender.java:140) ~[spring-cloud-sleuth-zipkin-3.1.3.jar!/:3.1.3]
	at zipkin2.Call$Base.execute(Call.java:391) ~[zipkin-2.23.2.jar!/:na]
	at zipkin2.reporter.AsyncReporter$BoundedAsyncReporter.flush(AsyncReporter.java:299) ~[zipkin-reporter-2.16.3.jar!/:na]
	at zipkin2.reporter.AsyncReporter$Flusher.run(AsyncReporter.java:378) ~[zipkin-reporter-2.16.3.jar!/:na]
	at java.base/java.lang.Thread.run(Thread.java:833) ~[na:na]
Caused by: java.net.ConnectException: Connection refused: no further information
	at java.base/sun.nio.ch.Net.pollConnect(Native Method) ~[na:na]
	at java.base/sun.nio.ch.Net.pollConnectNow(Net.java:672) ~[na:na]
	at java.base/sun.nio.ch.NioSocketImpl.timedFinishConnect(NioSocketImpl.java:542) ~[na:na]
	at java.base/sun.nio.ch.NioSocketImpl.connect(NioSocketImpl.java:597) ~[na:na]
	at java.base/java.net.Socket.connect(Socket.java:633) ~[na:na]
	at java.base/sun.net.NetworkClient.doConnect(NetworkClient.java:178) ~[na:na]
	at java.base/sun.net.www.http.HttpClient.openServer(HttpClient.java:532) ~[na:na]
	at java.base/sun.net.www.http.HttpClient.openServer(HttpClient.java:637) ~[na:na]
	at java.base/sun.net.www.http.HttpClient.<init>(HttpClient.java:280) ~[na:na]
	at java.base/sun.net.www.http.HttpClient.New(HttpClient.java:385) ~[na:na]
	at java.base/sun.net.www.http.HttpClient.New(HttpClient.java:407) ~[na:na]
	at java.base/sun.net.www.protocol.http.HttpURLConnection.getNewHttpClient(HttpURLConnection.java:1309) ~[na:na]
	at java.base/sun.net.www.protocol.http.HttpURLConnection.plainConnect0(HttpURLConnection.java:1242) ~[na:na]
	at java.base/sun.net.www.protocol.http.HttpURLConnection.plainConnect(HttpURLConnection.java:1128) ~[na:na]
	at java.base/sun.net.www.protocol.http.HttpURLConnection.connect(HttpURLConnection.java:1057) ~[na:na]
	at org.springframework.http.client.SimpleBufferingClientHttpRequest.executeInternal(SimpleBufferingClientHttpRequest.java:76) ~[spring-web-5.3.22.jar!/:5.3.22]
	at org.springframework.http.client.AbstractBufferingClientHttpRequest.executeInternal(AbstractBufferingClientHttpRequest.java:48) ~[spring-web-5.3.22.jar!/:5.3.22]
	at org.springframework.http.client.AbstractClientHttpRequest.execute(AbstractClientHttpRequest.java:66) ~[spring-web-5.3.22.jar!/:5.3.22]
	at org.springframework.web.client.RestTemplate.doExecute(RestTemplate.java:776) ~[spring-web-5.3.22.jar!/:5.3.22]
	... 11 common frames omitted

2022-08-23 11:39:47.535  INFO [READER,,] 173308 --- [AsyncResolver-bootstrap-executor-0] c.n.d.s.r.aws.ConfigClusterResolver      : Resolving eureka endpoints via configuration
2022-08-23 11:44:47.541  INFO [READER,,] 173308 --- [AsyncResolver-bootstrap-executor-0] c.n.d.s.r.aws.ConfigClusterResolver      : Resolving eureka endpoints via configuration
2022-08-23 11:49:47.551  INFO [READER,,] 173308 --- [AsyncResolver-bootstrap-executor-0] c.n.d.s.r.aws.ConfigClusterResolver      : Resolving eureka endpoints via configuration
2022-08-23 11:54:47.564  INFO [READER,,] 173308 --- [AsyncResolver-bootstrap-executor-0] c.n.d.s.r.aws.ConfigClusterResolver      : Resolving eureka endpoints via configuration
2022-08-23 11:59:47.569  INFO [READER,,] 173308 --- [AsyncResolver-bootstrap-executor-0] c.n.d.s.r.aws.ConfigClusterResolver      : Resolving eureka endpoints via configuration
2022-08-23 12:04:47.577  INFO [READER,,] 173308 --- [AsyncResolver-bootstrap-executor-0] c.n.d.s.r.aws.ConfigClusterResolver      : Resolving eureka endpoints via configuration
2022-08-23 12:09:47.581  INFO [READER,,] 173308 --- [AsyncResolver-bootstrap-executor-0] c.n.d.s.r.aws.ConfigClusterResolver      : Resolving eureka endpoints via configuration
2022-08-23 12:14:47.585  INFO [READER,,] 173308 --- [AsyncResolver-bootstrap-executor-0] c.n.d.s.r.aws.ConfigClusterResolver      : Resolving eureka endpoints via configuration
2022-08-23 12:19:47.590  INFO [READER,,] 173308 --- [AsyncResolver-bootstrap-executor-0] c.n.d.s.r.aws.ConfigClusterResolver      : Resolving eureka endpoints via configuration
2022-08-23 12:24:47.595  INFO [READER,,] 173308 --- [AsyncResolver-bootstrap-executor-0] c.n.d.s.r.aws.ConfigClusterResolver      : Resolving eureka endpoints via configuration
2022-08-23 12:29:47.609  INFO [READER,,] 173308 --- [AsyncResolver-bootstrap-executor-0] c.n.d.s.r.aws.ConfigClusterResolver      : Resolving eureka endpoints via configuration
2022-08-23 12:34:47.624  INFO [READER,,] 173308 --- [AsyncResolver-bootstrap-executor-0] c.n.d.s.r.aws.ConfigClusterResolver      : Resolving eureka endpoints via configuration
2022-08-23 12:39:47.632  INFO [READER,,] 173308 --- [AsyncResolver-bootstrap-executor-0] c.n.d.s.r.aws.ConfigClusterResolver      : Resolving eureka endpoints via configuration
2022-08-23 12:44:47.642  INFO [READER,,] 173308 --- [AsyncResolver-bootstrap-executor-0] c.n.d.s.r.aws.ConfigClusterResolver      : Resolving eureka endpoints via configuration
2022-08-23 12:49:47.645  INFO [READER,,] 173308 --- [AsyncResolver-bootstrap-executor-0] c.n.d.s.r.aws.ConfigClusterResolver      : Resolving eureka endpoints via configuration
2022-08-23 12:54:47.661  INFO [READER,,] 173308 --- [AsyncResolver-bootstrap-executor-0] c.n.d.s.r.aws.ConfigClusterResolver      : Resolving eureka endpoints via configuration
2022-08-23 12:59:47.672  INFO [READER,,] 173308 --- [AsyncResolver-bootstrap-executor-0] c.n.d.s.r.aws.ConfigClusterResolver      : Resolving eureka endpoints via configuration
2022-08-23 13:04:47.676  INFO [READER,,] 173308 --- [AsyncResolver-bootstrap-executor-0] c.n.d.s.r.aws.ConfigClusterResolver      : Resolving eureka endpoints via configuration
2022-08-23 13:09:47.689  INFO [READER,,] 173308 --- [AsyncResolver-bootstrap-executor-0] c.n.d.s.r.aws.ConfigClusterResolver      : Resolving eureka endpoints via configuration
2022-08-23 13:14:47.691  INFO [READER,,] 173308 --- [AsyncResolver-bootstrap-executor-0] c.n.d.s.r.aws.ConfigClusterResolver      : Resolving eureka endpoints via configuration
2022-08-23 13:19:47.700  INFO [READER,,] 173308 --- [AsyncResolver-bootstrap-executor-0] c.n.d.s.r.aws.ConfigClusterResolver      : Resolving eureka endpoints via configuration
2022-08-23 13:24:47.712  INFO [READER,,] 173308 --- [AsyncResolver-bootstrap-executor-0] c.n.d.s.r.aws.ConfigClusterResolver      : Resolving eureka endpoints via configuration
2022-08-23 13:29:47.727  INFO [READER,,] 173308 --- [AsyncResolver-bootstrap-executor-0] c.n.d.s.r.aws.ConfigClusterResolver      : Resolving eureka endpoints via configuration
2022-08-23 13:34:47.731  INFO [READER,,] 173308 --- [AsyncResolver-bootstrap-executor-0] c.n.d.s.r.aws.ConfigClusterResolver      : Resolving eureka endpoints via configuration
2022-08-23 13:39:47.748  INFO [READER,,] 173308 --- [AsyncResolver-bootstrap-executor-0] c.n.d.s.r.aws.ConfigClusterResolver      : Resolving eureka endpoints via configuration
2022-08-23 13:44:47.751  INFO [READER,,] 173308 --- [AsyncResolver-bootstrap-executor-0] c.n.d.s.r.aws.ConfigClusterResolver      : Resolving eureka endpoints via configuration
2022-08-23 13:49:47.763  INFO [READER,,] 173308 --- [AsyncResolver-bootstrap-executor-0] c.n.d.s.r.aws.ConfigClusterResolver      : Resolving eureka endpoints via configuration
2022-08-23 13:54:47.774  INFO [READER,,] 173308 --- [AsyncResolver-bootstrap-executor-0] c.n.d.s.r.aws.ConfigClusterResolver      : Resolving eureka endpoints via configuration
2022-08-23 13:56:51.250  INFO [READER,,] 173308 --- [Thread-3] o.s.c.s.a.z.ZipkinAutoConfiguration      : Flushing remaining spans on shutdown
2022-08-23 13:56:51.419  INFO [READER,,] 173308 --- [SpringApplicationShutdownHook] o.s.c.n.e.s.EurekaServiceRegistry        : Unregistering application READER with eureka with status DOWN
2022-08-23 13:56:51.431  INFO [READER,,] 173308 --- [SpringApplicationShutdownHook] com.netflix.discovery.DiscoveryClient    : Saw local status change event StatusChangeEvent [timestamp=1661237811431, current=DOWN, previous=UP]
2022-08-23 13:56:51.446  INFO [READER,,] 173308 --- [DiscoveryClient-InstanceInfoReplicator-0] com.netflix.discovery.DiscoveryClient    : DiscoveryClient_READER/host.docker.internal:READER:8099: registering service...
2022-08-23 13:56:51.609  INFO [READER,,] 173308 --- [DiscoveryClient-InstanceInfoReplicator-0] com.netflix.discovery.DiscoveryClient    : DiscoveryClient_READER/host.docker.internal:READER:8099 - registration status: 204
2022-08-23 13:56:52.623  INFO [READER,,] 173308 --- [SpringApplicationShutdownHook] com.netflix.discovery.DiscoveryClient    : Shutting down DiscoveryClient ...
2022-08-23 13:56:55.643  INFO [READER,,] 173308 --- [SpringApplicationShutdownHook] com.netflix.discovery.DiscoveryClient    : Unregistering ...
2022-08-23 13:56:55.716  INFO [READER,,] 173308 --- [SpringApplicationShutdownHook] com.netflix.discovery.DiscoveryClient    : DiscoveryClient_READER/host.docker.internal:READER:8099 - deregister  status: 200
2022-08-23 13:56:55.751  INFO [READER,,] 173308 --- [SpringApplicationShutdownHook] com.netflix.discovery.DiscoveryClient    : Completed shut down of DiscoveryClient
2022-08-23 13:57:32.989  INFO [READER,,] 56560 --- [main] c.c.c.ConfigServicePropertySourceLocator : Fetching config from server at : http://localhost:8888
2022-08-23 13:57:33.392  INFO [READER,,] 56560 --- [main] c.c.c.ConfigServicePropertySourceLocator : Connect Timeout Exception on Url - http://localhost:8888. Will be trying the next url if available
2022-08-23 13:57:33.393  WARN [READER,,] 56560 --- [main] c.c.c.ConfigServicePropertySourceLocator : Could not locate PropertySource: I/O error on GET request for "http://localhost:8888/READER/default": Connection refused: no further information; nested exception is java.net.ConnectException: Connection refused: no further information
2022-08-23 13:57:33.438  INFO [READER,,] 56560 --- [main] com.books.reader.ReaderApplicationTests  : The following 1 profile is active: "native"
2022-08-23 13:57:35.963  INFO [READER,,] 56560 --- [main] .s.d.r.c.RepositoryConfigurationDelegate : Bootstrapping Spring Data Reactive MongoDB repositories in DEFAULT mode.
2022-08-23 13:57:36.259  INFO [READER,,] 56560 --- [main] .s.d.r.c.RepositoryConfigurationDelegate : Finished Spring Data repository scanning in 286 ms. Found 0 Reactive MongoDB repository interfaces.
2022-08-23 13:57:36.270  INFO [READER,,] 56560 --- [main] .s.d.r.c.RepositoryConfigurationDelegate : Bootstrapping Spring Data MongoDB repositories in DEFAULT mode.
2022-08-23 13:57:36.303  INFO [READER,,] 56560 --- [main] .s.d.r.c.RepositoryConfigurationDelegate : Finished Spring Data repository scanning in 31 ms. Found 1 MongoDB repository interfaces.
2022-08-23 13:57:37.025  INFO [READER,,] 56560 --- [main] o.s.cloud.context.scope.GenericScope     : BeanFactory id=ebd2a40d-2d06-35f8-a15d-557292bafe71
2022-08-23 13:57:40.290  WARN [READER,,] 56560 --- [pool-2-thread-1] o.s.c.s.a.z.ZipkinAutoConfiguration      : Check result of the [RestTemplateSender{http://127.0.0.1:9411/api/v2/spans}] contains an error [CheckResult{ok=false, error=org.springframework.web.client.ResourceAccessException: I/O error on POST request for "http://127.0.0.1:9411/api/v2/spans": Connection refused: no further information; nested exception is java.net.ConnectException: Connection refused: no further information}]
2022-08-23 13:57:41.154  INFO [READER,,] 56560 --- [main] org.mongodb.driver.client                : MongoClient with metadata {"driver": {"name": "mongo-java-driver|sync|spring-boot", "version": "4.6.1"}, "os": {"type": "Windows", "name": "Windows 10", "architecture": "amd64", "version": "10.0"}, "platform": "Java/Oracle Corporation/17.0.4+11-LTS-179"} created with settings MongoClientSettings{readPreference=primary, writeConcern=WriteConcern{w=null, wTimeout=null ms, journal=null}, retryWrites=true, retryReads=true, readConcern=ReadConcern{level=null}, credential=null, streamFactoryFactory=null, commandListeners=[org.springframework.cloud.sleuth.instrument.mongodb.TraceMongoCommandListener@7d1cb59f], codecRegistry=ProvidersCodecRegistry{codecProviders=[ValueCodecProvider{}, BsonValueCodecProvider{}, DBRefCodecProvider{}, DBObjectCodecProvider{}, DocumentCodecProvider{}, IterableCodecProvider{}, MapCodecProvider{}, GeoJsonCodecProvider{}, GridFSFileCodecProvider{}, Jsr310CodecProvider{}, JsonObjectCodecProvider{}, BsonCodecProvider{}, EnumCodecProvider{}, com.mongodb.Jep395RecordCodecProvider@16ccd2bc]}, clusterSettings={hosts=[localhost:27017], srvServiceName=mongodb, mode=SINGLE, requiredClusterType=UNKNOWN, requiredReplicaSetName='null', serverSelector='null', clusterListeners='[]', serverSelectionTimeout='30000 ms', localThreshold='30000 ms'}, socketSettings=SocketSettings{connectTimeoutMS=10000, readTimeoutMS=0, receiveBufferSize=0, sendBufferSize=0}, heartbeatSocketSettings=SocketSettings{connectTimeoutMS=10000, readTimeoutMS=10000, receiveBufferSize=0, sendBufferSize=0}, connectionPoolSettings=ConnectionPoolSettings{maxSize=100, minSize=0, maxWaitTimeMS=120000, maxConnectionLifeTimeMS=0, maxConnectionIdleTimeMS=0, maintenanceInitialDelayMS=0, maintenanceFrequencyMS=60000, connectionPoolListeners=[], maxConnecting=2}, serverSettings=ServerSettings{heartbeatFrequencyMS=10000, minHeartbeatFrequencyMS=500, serverListeners='[]', serverMonitorListeners='[]'}, sslSettings=SslSettings{enabled=false, invalidHostNameAllowed=false, context=null}, applicationName='null', compressorList=[], uuidRepresentation=JAVA_LEGACY, serverApi=null, autoEncryptionSettings=null, contextProvider=org.springframework.cloud.sleuth.instrument.mongodb.TraceAllTypesMongoClientSettingsBuilderCustomizer$AllTypesContextProvider@12f8682a}
2022-08-23 13:57:41.284  INFO [READER,,] 56560 --- [cluster-ClusterId{value='63047a658fef6238fbe844ab', description='null'}-localhost:27017] org.mongodb.driver.connection            : Opened connection [connectionId{localValue:1, serverValue:59}] to localhost:27017
2022-08-23 13:57:41.284  INFO [READER,,] 56560 --- [cluster-ClusterId{value='63047a658fef6238fbe844ab', description='null'}-localhost:27017] org.mongodb.driver.cluster               : Monitor thread successfully connected to server with description ServerDescription{address=localhost:27017, type=STANDALONE, state=CONNECTED, ok=true, minWireVersion=0, maxWireVersion=17, maxDocumentSize=16777216, logicalSessionTimeoutMinutes=30, roundTripTimeNanos=94517600}
2022-08-23 13:57:41.296  INFO [READER,,] 56560 --- [cluster-rtt-ClusterId{value='63047a658fef6238fbe844ab', description='null'}-localhost:27017] org.mongodb.driver.connection            : Opened connection [connectionId{localValue:2, serverValue:60}] to localhost:27017
2022-08-23 13:57:41.577  WARN [READER,,] 56560 --- [main] o.s.data.convert.CustomConversions       : Registering converter from class java.time.LocalDateTime to class org.joda.time.LocalDateTime as reading converter although it doesn't convert from a store-supported type; You might want to check your annotation setup at the converter implementation
2022-08-23 13:57:42.261  WARN [READER,,] 56560 --- [main] o.s.data.convert.CustomConversions       : Registering converter from class java.time.LocalDateTime to class org.joda.time.LocalDateTime as reading converter although it doesn't convert from a store-supported type; You might want to check your annotation setup at the converter implementation
2022-08-23 13:57:46.905  INFO [READER,,] 56560 --- [main] org.mongodb.driver.client                : MongoClient with metadata {"driver": {"name": "mongo-java-driver|reactive-streams|spring-boot", "version": "4.6.1"}, "os": {"type": "Windows", "name": "Windows 10", "architecture": "amd64", "version": "10.0"}, "platform": "Java/Oracle Corporation/17.0.4+11-LTS-179"} created with settings MongoClientSettings{readPreference=primary, writeConcern=WriteConcern{w=null, wTimeout=null ms, journal=null}, retryWrites=true, retryReads=true, readConcern=ReadConcern{level=null}, credential=null, streamFactoryFactory=null, commandListeners=[org.springframework.cloud.sleuth.instrument.mongodb.TraceMongoCommandListener@4f65af91], codecRegistry=ProvidersCodecRegistry{codecProviders=[ValueCodecProvider{}, BsonValueCodecProvider{}, DBRefCodecProvider{}, DBObjectCodecProvider{}, DocumentCodecProvider{}, IterableCodecProvider{}, MapCodecProvider{}, GeoJsonCodecProvider{}, GridFSFileCodecProvider{}, Jsr310CodecProvider{}, JsonObjectCodecProvider{}, BsonCodecProvider{}, EnumCodecProvider{}, com.mongodb.Jep395RecordCodecProvider@16ccd2bc]}, clusterSettings={hosts=[localhost:27017], srvServiceName=mongodb, mode=SINGLE, requiredClusterType=UNKNOWN, requiredReplicaSetName='null', serverSelector='null', clusterListeners='[]', serverSelectionTimeout='30000 ms', localThreshold='30000 ms'}, socketSettings=SocketSettings{connectTimeoutMS=10000, readTimeoutMS=0, receiveBufferSize=0, sendBufferSize=0}, heartbeatSocketSettings=SocketSettings{connectTimeoutMS=10000, readTimeoutMS=10000, receiveBufferSize=0, sendBufferSize=0}, connectionPoolSettings=ConnectionPoolSettings{maxSize=100, minSize=0, maxWaitTimeMS=120000, maxConnectionLifeTimeMS=0, maxConnectionIdleTimeMS=0, maintenanceInitialDelayMS=0, maintenanceFrequencyMS=60000, connectionPoolListeners=[], maxConnecting=2}, serverSettings=ServerSettings{heartbeatFrequencyMS=10000, minHeartbeatFrequencyMS=500, serverListeners='[]', serverMonitorListeners='[]'}, sslSettings=SslSettings{enabled=false, invalidHostNameAllowed=false, context=null}, applicationName='null', compressorList=[], uuidRepresentation=JAVA_LEGACY, serverApi=null, autoEncryptionSettings=null, contextProvider=org.springframework.cloud.sleuth.instrument.mongodb.TraceAllTypesMongoClientSettingsBuilderCustomizer$AllTypesContextProvider@1b79df53}
2022-08-23 13:57:46.950  INFO [READER,,] 56560 --- [cluster-ClusterId{value='63047a6a8fef6238fbe844ac', description='null'}-localhost:27017] org.mongodb.driver.connection            : Opened connection [connectionId{localValue:4, serverValue:61}] to localhost:27017
2022-08-23 13:57:46.950  INFO [READER,,] 56560 --- [cluster-ClusterId{value='63047a6a8fef6238fbe844ac', description='null'}-localhost:27017] org.mongodb.driver.cluster               : Monitor thread successfully connected to server with description ServerDescription{address=localhost:27017, type=STANDALONE, state=CONNECTED, ok=true, minWireVersion=0, maxWireVersion=17, maxDocumentSize=16777216, logicalSessionTimeoutMinutes=30, roundTripTimeNanos=16016500}
2022-08-23 13:57:46.952  INFO [READER,,] 56560 --- [cluster-rtt-ClusterId{value='63047a6a8fef6238fbe844ac', description='null'}-localhost:27017] org.mongodb.driver.connection            : Opened connection [connectionId{localValue:3, serverValue:62}] to localhost:27017
2022-08-23 13:57:47.941  INFO [READER,,] 56560 --- [main] DiscoveryClientOptionalArgsConfiguration : Eureka HTTP Client uses RestTemplate.
2022-08-23 13:57:48.862  WARN [READER,,] 56560 --- [main] iguration$LoadBalancerCaffeineWarnLogger : Spring Cloud LoadBalancer is currently working with the default cache. While this cache implementation is useful for development and tests, it's recommended to use Caffeine cache in production.You can switch to using Caffeine cache, by adding it and org.springframework.cache.caffeine.CaffeineCacheManager to the classpath.
2022-08-23 13:57:49.137  INFO [READER,,] 56560 --- [main] o.s.c.n.eureka.InstanceInfoFactory       : Setting initial instance status as: STARTING
2022-08-23 13:57:49.359  INFO [READER,,] 56560 --- [main] com.netflix.discovery.DiscoveryClient    : Initializing Eureka in region us-east-1
2022-08-23 13:57:49.370  INFO [READER,,] 56560 --- [main] c.n.d.s.r.aws.ConfigClusterResolver      : Resolving eureka endpoints via configuration
2022-08-23 13:57:49.419  INFO [READER,,] 56560 --- [main] com.netflix.discovery.DiscoveryClient    : Disable delta property : false
2022-08-23 13:57:49.420  INFO [READER,,] 56560 --- [main] com.netflix.discovery.DiscoveryClient    : Single vip registry refresh property : null
2022-08-23 13:57:49.420  INFO [READER,,] 56560 --- [main] com.netflix.discovery.DiscoveryClient    : Force full registry fetch : false
2022-08-23 13:57:49.420  INFO [READER,,] 56560 --- [main] com.netflix.discovery.DiscoveryClient    : Application is null : false
2022-08-23 13:57:49.420  INFO [READER,,] 56560 --- [main] com.netflix.discovery.DiscoveryClient    : Registered Applications size is zero : true
2022-08-23 13:57:49.421  INFO [READER,,] 56560 --- [main] com.netflix.discovery.DiscoveryClient    : Application version is -1: true
2022-08-23 13:57:49.421  INFO [READER,,] 56560 --- [main] com.netflix.discovery.DiscoveryClient    : Getting all instance registry info from the eureka server
2022-08-23 13:57:50.369  INFO [READER,,] 56560 --- [main] com.netflix.discovery.DiscoveryClient    : The response status is 200
2022-08-23 13:57:50.378  INFO [READER,,] 56560 --- [main] com.netflix.discovery.DiscoveryClient    : Starting heartbeat executor: renew interval is: 30
2022-08-23 13:57:50.386  INFO [READER,,] 56560 --- [main] c.n.discovery.InstanceInfoReplicator     : InstanceInfoReplicator onDemand update allowed rate per min is 4
2022-08-23 13:57:50.398  INFO [READER,,] 56560 --- [main] com.netflix.discovery.DiscoveryClient    : Discovery Client initialized at timestamp 1661237870395 with initial instances count: 3
2022-08-23 13:57:50.425  INFO [READER,,] 56560 --- [main] o.s.c.n.e.s.EurekaServiceRegistry        : Registering application READER with eureka with status UP
2022-08-23 13:57:50.439  INFO [READER,,] 56560 --- [main] com.netflix.discovery.DiscoveryClient    : Saw local status change event StatusChangeEvent [timestamp=1661237870439, current=UP, previous=STARTING]
2022-08-23 13:57:50.443  INFO [READER,,] 56560 --- [DiscoveryClient-InstanceInfoReplicator-0] com.netflix.discovery.DiscoveryClient    : DiscoveryClient_READER/host.docker.internal:READER:8099: registering service...
2022-08-23 13:57:50.703  INFO [READER,,] 56560 --- [main] com.books.reader.ReaderApplicationTests  : Started ReaderApplicationTests in 20.455 seconds (JVM running for 23.624)
2022-08-23 13:57:50.989  INFO [READER,,] 56560 --- [DiscoveryClient-InstanceInfoReplicator-0] com.netflix.discovery.DiscoveryClient    : DiscoveryClient_READER/host.docker.internal:READER:8099 - registration status: 204
2022-08-23 13:57:52.320  INFO [READER,,] 56560 --- [main] org.mongodb.driver.connection            : Opened connection [connectionId{localValue:5, serverValue:63}] to localhost:27017
2022-08-23 13:57:52.756  INFO [READER,,] 56560 --- [SpringApplicationShutdownHook] o.s.c.n.e.s.EurekaServiceRegistry        : Unregistering application READER with eureka with status DOWN
2022-08-23 13:57:52.757  INFO [READER,,] 56560 --- [SpringApplicationShutdownHook] com.netflix.discovery.DiscoveryClient    : Saw local status change event StatusChangeEvent [timestamp=1661237872757, current=DOWN, previous=UP]
2022-08-23 13:57:52.758  INFO [READER,,] 56560 --- [Thread-5] o.s.c.s.a.z.ZipkinAutoConfiguration      : Flushing remaining spans on shutdown
2022-08-23 13:57:52.760  INFO [READER,,] 56560 --- [DiscoveryClient-InstanceInfoReplicator-0] com.netflix.discovery.DiscoveryClient    : DiscoveryClient_READER/host.docker.internal:READER:8099: registering service...
2022-08-23 13:57:52.802  INFO [READER,,] 56560 --- [DiscoveryClient-InstanceInfoReplicator-0] com.netflix.discovery.DiscoveryClient    : DiscoveryClient_READER/host.docker.internal:READER:8099 - registration status: 204
2022-08-23 13:57:53.806  INFO [READER,,] 56560 --- [SpringApplicationShutdownHook] com.netflix.discovery.DiscoveryClient    : Shutting down DiscoveryClient ...
2022-08-23 13:57:56.818  INFO [READER,,] 56560 --- [SpringApplicationShutdownHook] com.netflix.discovery.DiscoveryClient    : Unregistering ...
2022-08-23 13:57:56.825  INFO [READER,,] 56560 --- [SpringApplicationShutdownHook] com.netflix.discovery.DiscoveryClient    : DiscoveryClient_READER/host.docker.internal:READER:8099 - deregister  status: 200
2022-08-23 13:57:56.839  INFO [READER,,] 56560 --- [SpringApplicationShutdownHook] com.netflix.discovery.DiscoveryClient    : Completed shut down of DiscoveryClient
2022-08-23 14:03:05.511  INFO [READER,,] 132872 --- [main] c.c.c.ConfigServicePropertySourceLocator : Fetching config from server at : http://localhost:8888
2022-08-23 14:03:05.951  INFO [READER,,] 132872 --- [main] c.c.c.ConfigServicePropertySourceLocator : Connect Timeout Exception on Url - http://localhost:8888. Will be trying the next url if available
2022-08-23 14:03:05.953  WARN [READER,,] 132872 --- [main] c.c.c.ConfigServicePropertySourceLocator : Could not locate PropertySource: I/O error on GET request for "http://localhost:8888/READER/default": Connection refused: no further information; nested exception is java.net.ConnectException: Connection refused: no further information
2022-08-23 14:03:05.959  INFO [READER,,] 132872 --- [main] com.books.reader.ReaderApplication       : The following 1 profile is active: "native"
2022-08-23 14:03:09.987  INFO [READER,,] 132872 --- [main] .s.d.r.c.RepositoryConfigurationDelegate : Bootstrapping Spring Data Reactive MongoDB repositories in DEFAULT mode.
2022-08-23 14:03:11.160  INFO [READER,,] 132872 --- [main] .s.d.r.c.RepositoryConfigurationDelegate : Finished Spring Data repository scanning in 1126 ms. Found 0 Reactive MongoDB repository interfaces.
2022-08-23 14:03:11.176  INFO [READER,,] 132872 --- [main] .s.d.r.c.RepositoryConfigurationDelegate : Bootstrapping Spring Data MongoDB repositories in DEFAULT mode.
2022-08-23 14:03:11.277  INFO [READER,,] 132872 --- [main] .s.d.r.c.RepositoryConfigurationDelegate : Finished Spring Data repository scanning in 92 ms. Found 1 MongoDB repository interfaces.
2022-08-23 14:03:13.329  INFO [READER,,] 132872 --- [main] o.s.cloud.context.scope.GenericScope     : BeanFactory id=bab1d789-53f1-3ce0-a84e-93f85df54847
2022-08-23 14:03:17.578  INFO [READER,,] 132872 --- [main] o.s.b.w.embedded.tomcat.TomcatWebServer  : Tomcat initialized with port(s): 8099 (http)
2022-08-23 14:03:17.720  INFO [READER,,] 132872 --- [main] o.apache.catalina.core.StandardService   : Starting service [Tomcat]
2022-08-23 14:03:17.795  INFO [READER,,] 132872 --- [main] org.apache.catalina.core.StandardEngine  : Starting Servlet engine: [Apache Tomcat/9.0.65]
2022-08-23 14:03:18.219  INFO [READER,,] 132872 --- [main] o.a.c.c.C.[Tomcat].[localhost].[/]       : Initializing Spring embedded WebApplicationContext
2022-08-23 14:03:18.250  INFO [READER,,] 132872 --- [main] w.s.c.ServletWebServerApplicationContext : Root WebApplicationContext: initialization completed in 12228 ms
2022-08-23 14:03:19.788  WARN [READER,,] 132872 --- [pool-1-thread-1] o.s.c.s.a.z.ZipkinAutoConfiguration      : Check result of the [RestTemplateSender{http://127.0.0.1:9411/api/v2/spans}] contains an error [CheckResult{ok=false, error=org.springframework.web.client.ResourceAccessException: I/O error on POST request for "http://127.0.0.1:9411/api/v2/spans": Connection refused: no further information; nested exception is java.net.ConnectException: Connection refused: no further information}]
2022-08-23 14:03:21.230  INFO [READER,,] 132872 --- [main] org.mongodb.driver.client                : MongoClient with metadata {"driver": {"name": "mongo-java-driver|sync|spring-boot", "version": "4.6.1"}, "os": {"type": "Windows", "name": "Windows 10", "architecture": "amd64", "version": "10.0"}, "platform": "Java/Oracle Corporation/17.0.4+11-LTS-179"} created with settings MongoClientSettings{readPreference=primary, writeConcern=WriteConcern{w=null, wTimeout=null ms, journal=null}, retryWrites=true, retryReads=true, readConcern=ReadConcern{level=null}, credential=null, streamFactoryFactory=null, commandListeners=[org.springframework.cloud.sleuth.instrument.mongodb.TraceMongoCommandListener@2caf6912], codecRegistry=ProvidersCodecRegistry{codecProviders=[ValueCodecProvider{}, BsonValueCodecProvider{}, DBRefCodecProvider{}, DBObjectCodecProvider{}, DocumentCodecProvider{}, IterableCodecProvider{}, MapCodecProvider{}, GeoJsonCodecProvider{}, GridFSFileCodecProvider{}, Jsr310CodecProvider{}, JsonObjectCodecProvider{}, BsonCodecProvider{}, EnumCodecProvider{}, com.mongodb.Jep395RecordCodecProvider@73d69c0f]}, clusterSettings={hosts=[localhost:27017], srvServiceName=mongodb, mode=SINGLE, requiredClusterType=UNKNOWN, requiredReplicaSetName='null', serverSelector='null', clusterListeners='[]', serverSelectionTimeout='30000 ms', localThreshold='30000 ms'}, socketSettings=SocketSettings{connectTimeoutMS=10000, readTimeoutMS=0, receiveBufferSize=0, sendBufferSize=0}, heartbeatSocketSettings=SocketSettings{connectTimeoutMS=10000, readTimeoutMS=10000, receiveBufferSize=0, sendBufferSize=0}, connectionPoolSettings=ConnectionPoolSettings{maxSize=100, minSize=0, maxWaitTimeMS=120000, maxConnectionLifeTimeMS=0, maxConnectionIdleTimeMS=0, maintenanceInitialDelayMS=0, maintenanceFrequencyMS=60000, connectionPoolListeners=[], maxConnecting=2}, serverSettings=ServerSettings{heartbeatFrequencyMS=10000, minHeartbeatFrequencyMS=500, serverListeners='[]', serverMonitorListeners='[]'}, sslSettings=SslSettings{enabled=false, invalidHostNameAllowed=false, context=null}, applicationName='null', compressorList=[], uuidRepresentation=JAVA_LEGACY, serverApi=null, autoEncryptionSettings=null, contextProvider=org.springframework.cloud.sleuth.instrument.mongodb.TraceAllTypesMongoClientSettingsBuilderCustomizer$AllTypesContextProvider@34237b90}
2022-08-23 14:03:21.406  INFO [READER,,] 132872 --- [cluster-ClusterId{value='63047bb8cb6cc56fedf02f38', description='null'}-localhost:27017] org.mongodb.driver.connection            : Opened connection [connectionId{localValue:1, serverValue:79}] to localhost:27017
2022-08-23 14:03:21.415  INFO [READER,,] 132872 --- [cluster-ClusterId{value='63047bb8cb6cc56fedf02f38', description='null'}-localhost:27017] org.mongodb.driver.cluster               : Monitor thread successfully connected to server with description ServerDescription{address=localhost:27017, type=STANDALONE, state=CONNECTED, ok=true, minWireVersion=0, maxWireVersion=17, maxDocumentSize=16777216, logicalSessionTimeoutMinutes=30, roundTripTimeNanos=60184100}
2022-08-23 14:03:21.407  INFO [READER,,] 132872 --- [cluster-rtt-ClusterId{value='63047bb8cb6cc56fedf02f38', description='null'}-localhost:27017] org.mongodb.driver.connection            : Opened connection [connectionId{localValue:2, serverValue:78}] to localhost:27017
2022-08-23 14:03:21.665  WARN [READER,,] 132872 --- [main] o.s.data.convert.CustomConversions       : Registering converter from class java.time.LocalDateTime to class org.joda.time.LocalDateTime as reading converter although it doesn't convert from a store-supported type; You might want to check your annotation setup at the converter implementation
2022-08-23 14:03:22.281  WARN [READER,,] 132872 --- [main] o.s.data.convert.CustomConversions       : Registering converter from class java.time.LocalDateTime to class org.joda.time.LocalDateTime as reading converter although it doesn't convert from a store-supported type; You might want to check your annotation setup at the converter implementation
2022-08-23 14:03:26.614  INFO [READER,,] 132872 --- [main] org.mongodb.driver.client                : MongoClient with metadata {"driver": {"name": "mongo-java-driver|reactive-streams|spring-boot", "version": "4.6.1"}, "os": {"type": "Windows", "name": "Windows 10", "architecture": "amd64", "version": "10.0"}, "platform": "Java/Oracle Corporation/17.0.4+11-LTS-179"} created with settings MongoClientSettings{readPreference=primary, writeConcern=WriteConcern{w=null, wTimeout=null ms, journal=null}, retryWrites=true, retryReads=true, readConcern=ReadConcern{level=null}, credential=null, streamFactoryFactory=null, commandListeners=[org.springframework.cloud.sleuth.instrument.mongodb.TraceMongoCommandListener@28fd3dc1], codecRegistry=ProvidersCodecRegistry{codecProviders=[ValueCodecProvider{}, BsonValueCodecProvider{}, DBRefCodecProvider{}, DBObjectCodecProvider{}, DocumentCodecProvider{}, IterableCodecProvider{}, MapCodecProvider{}, GeoJsonCodecProvider{}, GridFSFileCodecProvider{}, Jsr310CodecProvider{}, JsonObjectCodecProvider{}, BsonCodecProvider{}, EnumCodecProvider{}, com.mongodb.Jep395RecordCodecProvider@73d69c0f]}, clusterSettings={hosts=[localhost:27017], srvServiceName=mongodb, mode=SINGLE, requiredClusterType=UNKNOWN, requiredReplicaSetName='null', serverSelector='null', clusterListeners='[]', serverSelectionTimeout='30000 ms', localThreshold='30000 ms'}, socketSettings=SocketSettings{connectTimeoutMS=10000, readTimeoutMS=0, receiveBufferSize=0, sendBufferSize=0}, heartbeatSocketSettings=SocketSettings{connectTimeoutMS=10000, readTimeoutMS=10000, receiveBufferSize=0, sendBufferSize=0}, connectionPoolSettings=ConnectionPoolSettings{maxSize=100, minSize=0, maxWaitTimeMS=120000, maxConnectionLifeTimeMS=0, maxConnectionIdleTimeMS=0, maintenanceInitialDelayMS=0, maintenanceFrequencyMS=60000, connectionPoolListeners=[], maxConnecting=2}, serverSettings=ServerSettings{heartbeatFrequencyMS=10000, minHeartbeatFrequencyMS=500, serverListeners='[]', serverMonitorListeners='[]'}, sslSettings=SslSettings{enabled=false, invalidHostNameAllowed=false, context=null}, applicationName='null', compressorList=[], uuidRepresentation=JAVA_LEGACY, serverApi=null, autoEncryptionSettings=null, contextProvider=org.springframework.cloud.sleuth.instrument.mongodb.TraceAllTypesMongoClientSettingsBuilderCustomizer$AllTypesContextProvider@5f9b6ae7}
2022-08-23 14:03:26.841  INFO [READER,,] 132872 --- [cluster-ClusterId{value='63047bbecb6cc56fedf02f39', description='null'}-localhost:27017] org.mongodb.driver.connection            : Opened connection [connectionId{localValue:3, serverValue:81}] to localhost:27017
2022-08-23 14:03:26.840  INFO [READER,,] 132872 --- [cluster-rtt-ClusterId{value='63047bbecb6cc56fedf02f39', description='null'}-localhost:27017] org.mongodb.driver.connection            : Opened connection [connectionId{localValue:4, serverValue:80}] to localhost:27017
2022-08-23 14:03:26.917  INFO [READER,,] 132872 --- [cluster-ClusterId{value='63047bbecb6cc56fedf02f39', description='null'}-localhost:27017] org.mongodb.driver.cluster               : Monitor thread successfully connected to server with description ServerDescription{address=localhost:27017, type=STANDALONE, state=CONNECTED, ok=true, minWireVersion=0, maxWireVersion=17, maxDocumentSize=16777216, logicalSessionTimeoutMinutes=30, roundTripTimeNanos=16995600}
2022-08-23 14:03:28.789  INFO [READER,,] 132872 --- [main] DiscoveryClientOptionalArgsConfiguration : Eureka HTTP Client uses RestTemplate.
2022-08-23 14:03:30.036  WARN [READER,,] 132872 --- [main] iguration$LoadBalancerCaffeineWarnLogger : Spring Cloud LoadBalancer is currently working with the default cache. While this cache implementation is useful for development and tests, it's recommended to use Caffeine cache in production.You can switch to using Caffeine cache, by adding it and org.springframework.cache.caffeine.CaffeineCacheManager to the classpath.
2022-08-23 14:03:30.346  INFO [READER,,] 132872 --- [main] o.s.c.n.eureka.InstanceInfoFactory       : Setting initial instance status as: STARTING
2022-08-23 14:03:30.651  INFO [READER,,] 132872 --- [main] com.netflix.discovery.DiscoveryClient    : Initializing Eureka in region us-east-1
2022-08-23 14:03:30.668  INFO [READER,,] 132872 --- [main] c.n.d.s.r.aws.ConfigClusterResolver      : Resolving eureka endpoints via configuration
2022-08-23 14:03:30.738  INFO [READER,,] 132872 --- [main] com.netflix.discovery.DiscoveryClient    : Disable delta property : false
2022-08-23 14:03:30.740  INFO [READER,,] 132872 --- [main] com.netflix.discovery.DiscoveryClient    : Single vip registry refresh property : null
2022-08-23 14:03:30.740  INFO [READER,,] 132872 --- [main] com.netflix.discovery.DiscoveryClient    : Force full registry fetch : false
2022-08-23 14:03:30.742  INFO [READER,,] 132872 --- [main] com.netflix.discovery.DiscoveryClient    : Application is null : false
2022-08-23 14:03:30.743  INFO [READER,,] 132872 --- [main] com.netflix.discovery.DiscoveryClient    : Registered Applications size is zero : true
2022-08-23 14:03:30.749  INFO [READER,,] 132872 --- [main] com.netflix.discovery.DiscoveryClient    : Application version is -1: true
2022-08-23 14:03:30.751  INFO [READER,,] 132872 --- [main] com.netflix.discovery.DiscoveryClient    : Getting all instance registry info from the eureka server
2022-08-23 14:03:32.051  INFO [READER,,] 132872 --- [main] com.netflix.discovery.DiscoveryClient    : The response status is 200
2022-08-23 14:03:32.089  INFO [READER,,] 132872 --- [main] com.netflix.discovery.DiscoveryClient    : Starting heartbeat executor: renew interval is: 30
2022-08-23 14:03:32.114  INFO [READER,,] 132872 --- [main] c.n.discovery.InstanceInfoReplicator     : InstanceInfoReplicator onDemand update allowed rate per min is 4
2022-08-23 14:03:32.132  INFO [READER,,] 132872 --- [main] com.netflix.discovery.DiscoveryClient    : Discovery Client initialized at timestamp 1661238212129 with initial instances count: 3
2022-08-23 14:03:32.263  INFO [READER,,] 132872 --- [main] o.s.c.n.e.s.EurekaServiceRegistry        : Registering application READER with eureka with status UP
2022-08-23 14:03:32.282  INFO [READER,,] 132872 --- [main] com.netflix.discovery.DiscoveryClient    : Saw local status change event StatusChangeEvent [timestamp=1661238212282, current=UP, previous=STARTING]
2022-08-23 14:03:32.290  INFO [READER,,] 132872 --- [DiscoveryClient-InstanceInfoReplicator-0] com.netflix.discovery.DiscoveryClient    : DiscoveryClient_READER/host.docker.internal:READER:8099: registering service...
2022-08-23 14:03:32.412  INFO [READER,,] 132872 --- [main] o.s.b.w.embedded.tomcat.TomcatWebServer  : Tomcat started on port(s): 8099 (http) with context path ''
2022-08-23 14:03:32.416  INFO [READER,,] 132872 --- [main] .s.c.n.e.s.EurekaAutoServiceRegistration : Updating port to 8099
2022-08-23 14:03:32.517  INFO [READER,,] 132872 --- [DiscoveryClient-InstanceInfoReplicator-0] com.netflix.discovery.DiscoveryClient    : DiscoveryClient_READER/host.docker.internal:READER:8099 - registration status: 204
2022-08-23 14:03:32.856  INFO [READER,,] 132872 --- [main] com.books.reader.ReaderApplication       : Started ReaderApplication in 31.364 seconds (JVM running for 33.944)
2022-08-23 14:08:30.763  INFO [READER,,] 132872 --- [AsyncResolver-bootstrap-executor-0] c.n.d.s.r.aws.ConfigClusterResolver      : Resolving eureka endpoints via configuration
